[2025-06-13 09:52:08,450: INFO: main: Welcome to our custom logging data science]
[2025-06-13 12:46:38,805: INFO: common: yaml file: config/config.yaml loaded sucessfully]
[2025-06-13 12:46:38,807: INFO: common: yaml file: params.yaml loaded sucessfully]
[2025-06-13 12:47:50,729: INFO: common: yaml file: config/config.yaml loaded sucessfully]
[2025-06-13 12:47:50,730: INFO: common: yaml file: params.yaml loaded sucessfully]
[2025-06-13 12:47:50,731: INFO: common: yaml file: schema.yaml loaded sucessfully]
[2025-06-13 12:48:06,582: INFO: common: yaml file: config/config.yaml loaded sucessfully]
[2025-06-13 12:48:06,583: INFO: common: yaml file: params.yaml loaded sucessfully]
[2025-06-13 12:48:06,583: INFO: common: yaml file: schema.yaml loaded sucessfully]
[2025-06-13 12:48:06,585: INFO: common: created directory at: artifacts]
[2025-06-13 12:48:34,966: INFO: common: yaml file: config/config.yaml loaded sucessfully]
[2025-06-13 12:48:34,967: INFO: common: yaml file: params.yaml loaded sucessfully]
[2025-06-13 12:48:34,968: INFO: common: yaml file: schema.yaml loaded sucessfully]
[2025-06-13 12:48:34,969: INFO: common: created directory at: artifacts]
[2025-06-13 12:51:32,074: INFO: common: yaml file: config/config.yaml loaded sucessfully]
[2025-06-13 12:51:32,075: INFO: common: yaml file: params.yaml loaded sucessfully]
[2025-06-13 12:51:32,076: INFO: common: yaml file: schema.yaml loaded sucessfully]
[2025-06-13 12:51:32,076: INFO: common: created directory at: artifacts]
[2025-06-13 12:51:32,077: INFO: common: created directory at: artifacts/data_ingestion]
[2025-06-13 12:51:33,162: INFO: 2790291292: artifacts/data_ingestion/data.zip download..! with the following info: 
Connection: close
Content-Length: 23329
Cache-Control: max-age=300
Content-Security-Policy: default-src 'none'; style-src 'unsafe-inline'; sandbox
Content-Type: application/zip
ETag: "c69888a4ae59bc5a893392785a938ccd4937981c06ba8a9d6a21aa52b4ab5b6e"
Strict-Transport-Security: max-age=31536000
X-Content-Type-Options: nosniff
X-Frame-Options: deny
X-XSS-Protection: 1; mode=block
X-GitHub-Request-Id: 51AF:2D8E44:AFB42:1C5BAB:684BD17A
Accept-Ranges: bytes
Date: Fri, 13 Jun 2025 07:21:33 GMT
Via: 1.1 varnish
X-Served-By: cache-maa10245-MAA
X-Cache: MISS
X-Cache-Hits: 0
X-Timer: S1749799293.825137,VS0,VE303
Vary: Authorization,Accept-Encoding
Access-Control-Allow-Origin: *
Cross-Origin-Resource-Policy: cross-origin
X-Fastly-Request-ID: f3495136b85e6fdf4d12baa11d47b934f35c90f8
Expires: Fri, 13 Jun 2025 07:26:33 GMT
Source-Age: 0

]
[2025-06-13 13:36:05,332: INFO: main: >>>>>>> stage Data Ingestion Stage started <<<<<<<]
[2025-06-13 13:36:05,333: INFO: common: yaml file: config/config.yaml loaded sucessfully]
[2025-06-13 13:36:05,333: INFO: common: yaml file: params.yaml loaded sucessfully]
[2025-06-13 13:36:05,333: INFO: common: yaml file: schema.yaml loaded sucessfully]
[2025-06-13 13:36:05,333: INFO: common: created directory at: artifacts]
[2025-06-13 13:36:05,333: INFO: common: created directory at: artifacts/data_ingestion]
[2025-06-13 13:36:05,333: INFO: data_ingestion: File already exists]
[2025-06-13 13:36:05,334: INFO: main: >>>>>> stage Data Ingestion Stage completed <<<<<<< 

 X==========================X]
[2025-06-13 15:32:13,500: INFO: common: yaml file: config/config.yaml loaded sucessfully]
[2025-06-13 15:32:13,506: INFO: common: yaml file: params.yaml loaded sucessfully]
[2025-06-13 15:32:13,507: INFO: common: yaml file: schema.yaml loaded sucessfully]
[2025-06-13 15:32:13,508: INFO: common: created directory at: artifacts]
[2025-06-13 15:32:13,509: INFO: common: created directory at: artifacts/data_validation]
[2025-06-13 15:32:57,870: INFO: common: yaml file: config/config.yaml loaded sucessfully]
[2025-06-13 15:32:57,871: INFO: common: yaml file: params.yaml loaded sucessfully]
[2025-06-13 15:32:57,872: INFO: common: yaml file: schema.yaml loaded sucessfully]
[2025-06-13 15:32:57,873: INFO: common: created directory at: artifacts]
[2025-06-13 15:32:57,873: INFO: common: created directory at: artifacts/data_validation]
[2025-06-13 16:02:18,425: INFO: main: >>>>>>> stage Data Ingestion Stage started <<<<<<<]
[2025-06-13 16:02:18,426: INFO: common: yaml file: config/config.yaml loaded sucessfully]
[2025-06-13 16:02:18,426: INFO: common: yaml file: params.yaml loaded sucessfully]
[2025-06-13 16:02:18,427: INFO: common: yaml file: schema.yaml loaded sucessfully]
[2025-06-13 16:02:18,427: INFO: common: created directory at: artifacts]
[2025-06-13 16:02:18,427: INFO: common: created directory at: artifacts/data_ingestion]
[2025-06-13 16:02:18,427: INFO: data_ingestion: File already exists]
[2025-06-13 16:02:18,430: INFO: main: >>>>>> stage Data Ingestion Stage completed <<<<<<< 

 X==========================X]
[2025-06-13 16:02:18,430: INFO: main: >>>>>>> stage Data Validation Stage started <<<<<<<]
[2025-06-13 16:02:18,431: INFO: common: yaml file: config/config.yaml loaded sucessfully]
[2025-06-13 16:02:18,431: INFO: common: yaml file: params.yaml loaded sucessfully]
[2025-06-13 16:02:18,432: INFO: common: yaml file: schema.yaml loaded sucessfully]
[2025-06-13 16:02:18,432: INFO: common: created directory at: artifacts]
[2025-06-13 16:02:18,432: INFO: common: created directory at: artifacts/data_validation]
[2025-06-13 16:02:18,436: INFO: main: >>>>>> stage Data Validation Stage completed <<<<<<< 

 X==========================X]
[2025-06-13 16:42:43,593: INFO: common: yaml file: config/config.yaml loaded sucessfully]
[2025-06-13 16:42:43,594: INFO: common: yaml file: params.yaml loaded sucessfully]
[2025-06-13 16:42:43,596: INFO: common: yaml file: schema.yaml loaded sucessfully]
[2025-06-13 16:42:43,597: INFO: common: created directory at: artifacts]
[2025-06-13 16:42:43,598: INFO: common: created directory at: artifacts/data_validation]
[2025-06-13 16:42:43,618: INFO: 1693790597: Split the data into train and test sets]
[2025-06-13 16:42:43,618: INFO: 1693790597: (1279, 12)]
[2025-06-13 16:42:43,618: INFO: 1693790597: (320, 12)]
[2025-06-13 16:44:20,391: INFO: common: yaml file: config/config.yaml loaded sucessfully]
[2025-06-13 16:44:20,392: INFO: common: yaml file: params.yaml loaded sucessfully]
[2025-06-13 16:44:20,393: INFO: common: yaml file: schema.yaml loaded sucessfully]
[2025-06-13 16:44:20,394: INFO: common: created directory at: artifacts]
[2025-06-13 16:44:20,394: INFO: common: created directory at: artifacts/data_transformation]
[2025-06-13 16:44:20,409: INFO: 1693790597: Split the data into train and test sets]
[2025-06-13 16:44:20,409: INFO: 1693790597: (1279, 12)]
[2025-06-13 16:44:20,410: INFO: 1693790597: (320, 12)]
[2025-06-13 16:59:24,908: INFO: main: >>>>>>> stage Data Ingestion Stage started <<<<<<<]
[2025-06-13 16:59:24,909: INFO: common: yaml file: config/config.yaml loaded sucessfully]
[2025-06-13 16:59:24,910: INFO: common: yaml file: params.yaml loaded sucessfully]
[2025-06-13 16:59:24,910: INFO: common: yaml file: schema.yaml loaded sucessfully]
[2025-06-13 16:59:24,911: INFO: common: created directory at: artifacts]
[2025-06-13 16:59:24,911: INFO: common: created directory at: artifacts/data_ingestion]
[2025-06-13 16:59:24,911: INFO: data_ingestion: File already exists]
[2025-06-13 16:59:24,913: INFO: main: >>>>>> stage Data Ingestion Stage completed <<<<<<< 

 X==========================X]
[2025-06-13 16:59:24,913: INFO: main: >>>>>>> stage Data Validation Stage started <<<<<<<]
[2025-06-13 16:59:24,914: INFO: common: yaml file: config/config.yaml loaded sucessfully]
[2025-06-13 16:59:24,914: INFO: common: yaml file: params.yaml loaded sucessfully]
[2025-06-13 16:59:24,915: INFO: common: yaml file: schema.yaml loaded sucessfully]
[2025-06-13 16:59:24,915: INFO: common: created directory at: artifacts]
[2025-06-13 16:59:24,915: INFO: common: created directory at: artifacts/data_validation]
[2025-06-13 16:59:24,918: INFO: main: >>>>>> stage Data Validation Stage completed <<<<<<< 

 X==========================X]
[2025-06-13 16:59:24,918: INFO: main: >>>>>>> stage Data Transformation Stage started <<<<<<<]
[2025-06-13 16:59:24,919: INFO: common: yaml file: config/config.yaml loaded sucessfully]
[2025-06-13 16:59:24,920: INFO: common: yaml file: params.yaml loaded sucessfully]
[2025-06-13 16:59:24,920: INFO: common: yaml file: schema.yaml loaded sucessfully]
[2025-06-13 16:59:24,921: INFO: common: created directory at: artifacts]
[2025-06-13 16:59:24,921: INFO: common: created directory at: artifacts/data_transformation]
[2025-06-13 16:59:24,932: INFO: data_transformation: Split the data into train and test sets]
[2025-06-13 16:59:24,933: INFO: data_transformation: (1279, 12)]
[2025-06-13 16:59:24,933: INFO: data_transformation: (320, 12)]
[2025-06-13 16:59:24,933: INFO: main: >>>>>> stage Data Transformation Stage completed <<<<<<< 

 X==========================X]
[2025-06-13 17:07:14,647: INFO: main: >>>>>>> stage Data Ingestion Stage started <<<<<<<]
[2025-06-13 17:07:14,648: INFO: common: yaml file: config/config.yaml loaded sucessfully]
[2025-06-13 17:07:14,649: INFO: common: yaml file: params.yaml loaded sucessfully]
[2025-06-13 17:07:14,649: INFO: common: yaml file: schema.yaml loaded sucessfully]
[2025-06-13 17:07:14,649: INFO: common: created directory at: artifacts]
[2025-06-13 17:07:14,650: INFO: common: created directory at: artifacts/data_ingestion]
[2025-06-13 17:07:14,650: INFO: data_ingestion: File already exists]
[2025-06-13 17:07:14,650: INFO: main: >>>>>> stage Data Ingestion Stage completed <<<<<<< 

 X==========================X]
[2025-06-13 17:07:14,651: INFO: main: >>>>>>> stage Data Validation Stage started <<<<<<<]
[2025-06-13 17:07:14,651: INFO: common: yaml file: config/config.yaml loaded sucessfully]
[2025-06-13 17:07:14,652: INFO: common: yaml file: params.yaml loaded sucessfully]
[2025-06-13 17:07:14,652: INFO: common: yaml file: schema.yaml loaded sucessfully]
[2025-06-13 17:07:14,652: INFO: common: created directory at: artifacts]
[2025-06-13 17:07:14,652: INFO: common: created directory at: artifacts/data_validation]
[2025-06-13 17:07:14,656: INFO: main: >>>>>> stage Data Validation Stage completed <<<<<<< 

 X==========================X]
[2025-06-13 17:07:14,656: INFO: main: >>>>>>> stage Data Transformation Stage started <<<<<<<]
[2025-06-13 17:07:14,656: ERROR: main: Your data schema is not valid]
Traceback (most recent call last):
  File "/home/ml01/MLOps/Github_actions/Complete-DS-end-to-end-project/main.py", line 33, in <module>
    obj.initiate_data_transformation()
  File "/home/ml01/MLOps/Github_actions/Complete-DS-end-to-end-project/src/datascience_project/pipeline/data_transformation_pipeline.py", line 27, in initiate_data_transformation
    raise e
  File "/home/ml01/MLOps/Github_actions/Complete-DS-end-to-end-project/src/datascience_project/pipeline/data_transformation_pipeline.py", line 25, in initiate_data_transformation
    raise Exception("Your data schema is not valid")
Exception: Your data schema is not valid
[2025-06-13 17:08:59,660: INFO: main: >>>>>>> stage Data Ingestion Stage started <<<<<<<]
[2025-06-13 17:08:59,661: INFO: common: yaml file: config/config.yaml loaded sucessfully]
[2025-06-13 17:08:59,662: INFO: common: yaml file: params.yaml loaded sucessfully]
[2025-06-13 17:08:59,662: INFO: common: yaml file: schema.yaml loaded sucessfully]
[2025-06-13 17:08:59,663: INFO: common: created directory at: artifacts]
[2025-06-13 17:08:59,663: INFO: common: created directory at: artifacts/data_ingestion]
[2025-06-13 17:08:59,663: INFO: data_ingestion: File already exists]
[2025-06-13 17:08:59,664: INFO: main: >>>>>> stage Data Ingestion Stage completed <<<<<<< 

 X==========================X]
[2025-06-13 17:08:59,664: INFO: main: >>>>>>> stage Data Validation Stage started <<<<<<<]
[2025-06-13 17:08:59,665: INFO: common: yaml file: config/config.yaml loaded sucessfully]
[2025-06-13 17:08:59,665: INFO: common: yaml file: params.yaml loaded sucessfully]
[2025-06-13 17:08:59,666: INFO: common: yaml file: schema.yaml loaded sucessfully]
[2025-06-13 17:08:59,666: INFO: common: created directory at: artifacts]
[2025-06-13 17:08:59,666: INFO: common: created directory at: artifacts/data_validation]
[2025-06-13 17:08:59,669: INFO: main: >>>>>> stage Data Validation Stage completed <<<<<<< 

 X==========================X]
[2025-06-13 17:08:59,669: INFO: main: >>>>>>> stage Data Transformation Stage started <<<<<<<]
[2025-06-13 17:08:59,670: INFO: common: yaml file: config/config.yaml loaded sucessfully]
[2025-06-13 17:08:59,670: INFO: common: yaml file: params.yaml loaded sucessfully]
[2025-06-13 17:08:59,671: INFO: common: yaml file: schema.yaml loaded sucessfully]
[2025-06-13 17:08:59,671: INFO: common: created directory at: artifacts]
[2025-06-13 17:08:59,671: INFO: common: created directory at: artifacts/data_transformation]
[2025-06-13 17:08:59,683: INFO: data_transformation: Split the data into train and test sets]
[2025-06-13 17:08:59,684: INFO: data_transformation: (1279, 12)]
[2025-06-13 17:08:59,684: INFO: data_transformation: (320, 12)]
[2025-06-13 17:08:59,684: INFO: main: >>>>>> stage Data Transformation Stage completed <<<<<<< 

 X==========================X]
[2025-06-14 19:07:36,379: INFO: common: yaml file: config/config.yaml loaded sucessfully]
[2025-06-14 19:07:36,387: INFO: common: yaml file: params.yaml loaded sucessfully]
[2025-06-14 19:07:36,390: INFO: common: yaml file: schema.yaml loaded sucessfully]
[2025-06-14 19:07:36,392: INFO: common: created directory at: artifacts]
[2025-06-14 19:07:36,396: INFO: common: created directory at: artifacts/model_trainer]
[2025-06-14 19:09:29,884: INFO: common: yaml file: config/config.yaml loaded sucessfully]
[2025-06-14 19:09:29,886: INFO: common: yaml file: params.yaml loaded sucessfully]
[2025-06-14 19:09:29,890: INFO: common: yaml file: schema.yaml loaded sucessfully]
[2025-06-14 19:09:29,892: INFO: common: created directory at: artifacts]
[2025-06-14 19:09:29,894: INFO: common: created directory at: artifacts/model_trainer]
[2025-06-14 19:12:18,751: INFO: common: yaml file: config/config.yaml loaded sucessfully]
[2025-06-14 19:12:18,754: INFO: common: yaml file: params.yaml loaded sucessfully]
[2025-06-14 19:12:18,757: INFO: common: yaml file: schema.yaml loaded sucessfully]
[2025-06-14 19:12:18,759: INFO: common: created directory at: artifacts]
[2025-06-14 19:12:18,760: INFO: common: created directory at: artifacts/model_trainer]
[2025-06-14 19:31:46,942: INFO: main: >>>>>>> stage Data Ingestion Stage started <<<<<<<]
[2025-06-14 19:31:46,944: INFO: common: yaml file: config/config.yaml loaded sucessfully]
[2025-06-14 19:31:46,945: INFO: common: yaml file: params.yaml loaded sucessfully]
[2025-06-14 19:31:46,947: INFO: common: yaml file: schema.yaml loaded sucessfully]
[2025-06-14 19:31:46,948: INFO: common: created directory at: artifacts]
[2025-06-14 19:31:46,948: INFO: common: created directory at: artifacts/data_ingestion]
[2025-06-14 19:31:46,948: INFO: data_ingestion: File already exists]
[2025-06-14 19:31:46,953: INFO: main: >>>>>> stage Data Ingestion Stage completed <<<<<<< 

 X==========================X]
[2025-06-14 19:31:46,953: INFO: main: >>>>>>> stage Data Validation Stage started <<<<<<<]
[2025-06-14 19:31:46,955: INFO: common: yaml file: config/config.yaml loaded sucessfully]
[2025-06-14 19:31:46,956: INFO: common: yaml file: params.yaml loaded sucessfully]
[2025-06-14 19:31:46,957: INFO: common: yaml file: schema.yaml loaded sucessfully]
[2025-06-14 19:31:46,958: INFO: common: created directory at: artifacts]
[2025-06-14 19:31:46,958: INFO: common: created directory at: artifacts/data_validation]
[2025-06-14 19:31:46,970: INFO: main: >>>>>> stage Data Validation Stage completed <<<<<<< 

 X==========================X]
[2025-06-14 19:31:46,970: INFO: main: >>>>>>> stage Data Transformation Stage started <<<<<<<]
[2025-06-14 19:31:46,972: INFO: common: yaml file: config/config.yaml loaded sucessfully]
[2025-06-14 19:31:46,973: INFO: common: yaml file: params.yaml loaded sucessfully]
[2025-06-14 19:31:46,974: INFO: common: yaml file: schema.yaml loaded sucessfully]
[2025-06-14 19:31:46,974: INFO: common: created directory at: artifacts]
[2025-06-14 19:31:46,974: INFO: common: created directory at: artifacts/data_transformation]
[2025-06-14 19:31:47,001: INFO: data_transformation: Split the data into train and test sets]
[2025-06-14 19:31:47,002: INFO: data_transformation: (1279, 12)]
[2025-06-14 19:31:47,002: INFO: data_transformation: (320, 12)]
[2025-06-14 19:31:47,002: INFO: main: >>>>>> stage Data Transformation Stage completed <<<<<<< 

 X==========================X]
[2025-06-14 19:31:47,003: INFO: main: >>>>>>> stage Model Trainer Stage started <<<<<<]
[2025-06-14 19:31:47,005: INFO: common: yaml file: config/config.yaml loaded sucessfully]
[2025-06-14 19:31:47,006: INFO: common: yaml file: params.yaml loaded sucessfully]
[2025-06-14 19:31:47,007: INFO: common: yaml file: schema.yaml loaded sucessfully]
[2025-06-14 19:31:47,008: INFO: common: created directory at: artifacts]
[2025-06-14 19:31:47,009: INFO: common: created directory at: artifacts/model_trainer]
[2025-06-14 19:31:47,021: INFO: main: >>>>>> stage Model Trainer Stage completed <<<<<< 

 X===============================X]
[2025-06-15 20:27:17,248: INFO: common: yaml file: config/config.yaml loaded sucessfully]
[2025-06-15 20:27:17,254: INFO: common: yaml file: params.yaml loaded sucessfully]
[2025-06-15 20:27:17,258: INFO: common: yaml file: schema.yaml loaded sucessfully]
[2025-06-15 20:27:17,260: INFO: common: created directory at: artifacts]
[2025-06-15 20:27:17,270: INFO: common: created directory at: artifacts/model_evaluation]
[2025-06-15 20:27:18,377: INFO: common: json file saved at: artifacts/model_evaluation/metrics.json]
[2025-06-15 21:16:05,976: INFO: main: >>>>>>> stage Data Ingestion Stage started <<<<<<<]
[2025-06-15 21:16:05,979: INFO: common: yaml file: config/config.yaml loaded sucessfully]
[2025-06-15 21:16:05,981: INFO: common: yaml file: params.yaml loaded sucessfully]
[2025-06-15 21:16:05,983: INFO: common: yaml file: schema.yaml loaded sucessfully]
[2025-06-15 21:16:05,983: INFO: common: created directory at: artifacts]
[2025-06-15 21:16:05,984: INFO: common: created directory at: artifacts/data_ingestion]
[2025-06-15 21:16:05,984: INFO: data_ingestion: File already exists]
[2025-06-15 21:16:05,991: INFO: main: >>>>>> stage Data Ingestion Stage completed <<<<<<< 

 X==========================X]
[2025-06-15 21:16:05,991: INFO: main: >>>>>>> stage Data Validation Stage started <<<<<<<]
[2025-06-15 21:16:05,994: INFO: common: yaml file: config/config.yaml loaded sucessfully]
[2025-06-15 21:16:05,995: INFO: common: yaml file: params.yaml loaded sucessfully]
[2025-06-15 21:16:05,997: INFO: common: yaml file: schema.yaml loaded sucessfully]
[2025-06-15 21:16:05,997: INFO: common: created directory at: artifacts]
[2025-06-15 21:16:05,997: INFO: common: created directory at: artifacts/data_validation]
[2025-06-15 21:16:06,009: INFO: main: >>>>>> stage Data Validation Stage completed <<<<<<< 

 X==========================X]
[2025-06-15 21:16:06,009: INFO: main: >>>>>>> stage Data Transformation Stage started <<<<<<<]
[2025-06-15 21:16:06,012: INFO: common: yaml file: config/config.yaml loaded sucessfully]
[2025-06-15 21:16:06,014: INFO: common: yaml file: params.yaml loaded sucessfully]
[2025-06-15 21:16:06,016: INFO: common: yaml file: schema.yaml loaded sucessfully]
[2025-06-15 21:16:06,017: INFO: common: created directory at: artifacts]
[2025-06-15 21:16:06,017: INFO: common: created directory at: artifacts/data_transformation]
[2025-06-15 21:16:06,047: INFO: data_transformation: Split the data into train and test sets]
[2025-06-15 21:16:06,047: INFO: data_transformation: (1279, 12)]
[2025-06-15 21:16:06,047: INFO: data_transformation: (320, 12)]
[2025-06-15 21:16:06,047: INFO: main: >>>>>> stage Data Transformation Stage completed <<<<<<< 

 X==========================X]
[2025-06-15 21:16:06,047: INFO: main: >>>>>>> stage Model Trainer Stage started <<<<<<]
[2025-06-15 21:16:06,050: INFO: common: yaml file: config/config.yaml loaded sucessfully]
[2025-06-15 21:16:06,051: INFO: common: yaml file: params.yaml loaded sucessfully]
[2025-06-15 21:16:06,052: INFO: common: yaml file: schema.yaml loaded sucessfully]
[2025-06-15 21:16:06,053: INFO: common: created directory at: artifacts]
[2025-06-15 21:16:06,053: INFO: common: created directory at: artifacts/model_trainer]
[2025-06-15 21:16:06,070: INFO: main: >>>>>> stage Model Trainer Stage completed <<<<<< 

 X===============================X]
[2025-06-15 21:16:06,070: INFO: main: >>>>>>stage Model Evaluation Stage started <<<<<<<]
[2025-06-15 21:16:06,074: INFO: common: yaml file: config/config.yaml loaded sucessfully]
[2025-06-15 21:16:06,075: INFO: common: yaml file: params.yaml loaded sucessfully]
[2025-06-15 21:16:06,076: INFO: common: yaml file: schema.yaml loaded sucessfully]
[2025-06-15 21:16:06,077: INFO: common: created directory at: artifacts]
[2025-06-15 21:16:06,077: INFO: common: created directory at: artifacts/model_evaluation]
[2025-06-15 21:16:06,745: INFO: common: json file saved at: artifacts/model_evaluation/metrics.json]
[2025-06-15 21:16:10,938: INFO: main: >>>>>> stage Model Evaluation Stage completed <<<<<< 

 X===============================X]
[2025-06-15 21:21:15,506: INFO: main: >>>>>>> stage Data Ingestion Stage started <<<<<<<]
[2025-06-15 21:21:15,508: INFO: common: yaml file: config/config.yaml loaded sucessfully]
[2025-06-15 21:21:15,509: INFO: common: yaml file: params.yaml loaded sucessfully]
[2025-06-15 21:21:15,511: INFO: common: yaml file: schema.yaml loaded sucessfully]
[2025-06-15 21:21:15,511: INFO: common: created directory at: artifacts]
[2025-06-15 21:21:15,511: INFO: common: created directory at: artifacts/data_ingestion]
[2025-06-15 21:21:15,512: INFO: data_ingestion: File already exists]
[2025-06-15 21:21:15,514: INFO: main: >>>>>> stage Data Ingestion Stage completed <<<<<<< 

 X==========================X]
[2025-06-15 21:21:15,514: INFO: main: >>>>>>> stage Data Validation Stage started <<<<<<<]
[2025-06-15 21:21:15,517: INFO: common: yaml file: config/config.yaml loaded sucessfully]
[2025-06-15 21:21:15,517: INFO: common: yaml file: params.yaml loaded sucessfully]
[2025-06-15 21:21:15,519: INFO: common: yaml file: schema.yaml loaded sucessfully]
[2025-06-15 21:21:15,519: INFO: common: created directory at: artifacts]
[2025-06-15 21:21:15,519: INFO: common: created directory at: artifacts/data_validation]
[2025-06-15 21:21:15,531: INFO: main: >>>>>> stage Data Validation Stage completed <<<<<<< 

 X==========================X]
[2025-06-15 21:21:15,531: INFO: main: >>>>>>> stage Data Transformation Stage started <<<<<<<]
[2025-06-15 21:21:15,534: INFO: common: yaml file: config/config.yaml loaded sucessfully]
[2025-06-15 21:21:15,535: INFO: common: yaml file: params.yaml loaded sucessfully]
[2025-06-15 21:21:15,536: INFO: common: yaml file: schema.yaml loaded sucessfully]
[2025-06-15 21:21:15,537: INFO: common: created directory at: artifacts]
[2025-06-15 21:21:15,537: INFO: common: created directory at: artifacts/data_transformation]
[2025-06-15 21:21:15,560: INFO: data_transformation: Split the data into train and test sets]
[2025-06-15 21:21:15,560: INFO: data_transformation: (1279, 12)]
[2025-06-15 21:21:15,560: INFO: data_transformation: (320, 12)]
[2025-06-15 21:21:15,560: INFO: main: >>>>>> stage Data Transformation Stage completed <<<<<<< 

 X==========================X]
[2025-06-15 21:21:15,561: INFO: main: >>>>>>> stage Model Trainer Stage started <<<<<<]
[2025-06-15 21:21:15,563: INFO: common: yaml file: config/config.yaml loaded sucessfully]
[2025-06-15 21:21:15,564: INFO: common: yaml file: params.yaml loaded sucessfully]
[2025-06-15 21:21:15,565: INFO: common: yaml file: schema.yaml loaded sucessfully]
[2025-06-15 21:21:15,565: INFO: common: created directory at: artifacts]
[2025-06-15 21:21:15,565: INFO: common: created directory at: artifacts/model_trainer]
[2025-06-15 21:21:15,576: INFO: main: >>>>>> stage Model Trainer Stage completed <<<<<< 

 X===============================X]
[2025-06-15 21:21:15,576: INFO: main: >>>>>>stage Model Evaluation Stage started <<<<<<<]
[2025-06-15 21:21:15,579: INFO: common: yaml file: config/config.yaml loaded sucessfully]
[2025-06-15 21:21:15,581: INFO: common: yaml file: params.yaml loaded sucessfully]
[2025-06-15 21:21:15,582: INFO: common: yaml file: schema.yaml loaded sucessfully]
[2025-06-15 21:21:15,583: INFO: common: created directory at: artifacts]
[2025-06-15 21:21:15,583: INFO: common: created directory at: artifacts/model_evaluation]
[2025-06-15 21:21:16,052: INFO: common: json file saved at: artifacts/model_evaluation/metrics.json]
[2025-06-15 21:21:19,863: INFO: main: >>>>>> stage Model Evaluation Stage completed <<<<<< 

 X===============================X]
[2025-06-15 21:23:52,569: INFO: main: >>>>>>> stage Data Ingestion Stage started <<<<<<<]
[2025-06-15 21:23:52,571: INFO: common: yaml file: config/config.yaml loaded sucessfully]
[2025-06-15 21:23:52,572: INFO: common: yaml file: params.yaml loaded sucessfully]
[2025-06-15 21:23:52,573: INFO: common: yaml file: schema.yaml loaded sucessfully]
[2025-06-15 21:23:52,574: INFO: common: created directory at: artifacts]
[2025-06-15 21:23:52,574: INFO: common: created directory at: artifacts/data_ingestion]
[2025-06-15 21:23:52,574: INFO: data_ingestion: File already exists]
[2025-06-15 21:23:52,577: INFO: main: >>>>>> stage Data Ingestion Stage completed <<<<<<< 

 X==========================X]
[2025-06-15 21:23:52,577: INFO: main: >>>>>>> stage Data Validation Stage started <<<<<<<]
[2025-06-15 21:23:52,580: INFO: common: yaml file: config/config.yaml loaded sucessfully]
[2025-06-15 21:23:52,581: INFO: common: yaml file: params.yaml loaded sucessfully]
[2025-06-15 21:23:52,583: INFO: common: yaml file: schema.yaml loaded sucessfully]
[2025-06-15 21:23:52,584: INFO: common: created directory at: artifacts]
[2025-06-15 21:23:52,584: INFO: common: created directory at: artifacts/data_validation]
[2025-06-15 21:23:52,596: INFO: main: >>>>>> stage Data Validation Stage completed <<<<<<< 

 X==========================X]
[2025-06-15 21:23:52,596: INFO: main: >>>>>>> stage Data Transformation Stage started <<<<<<<]
[2025-06-15 21:23:52,598: INFO: common: yaml file: config/config.yaml loaded sucessfully]
[2025-06-15 21:23:52,599: INFO: common: yaml file: params.yaml loaded sucessfully]
[2025-06-15 21:23:52,601: INFO: common: yaml file: schema.yaml loaded sucessfully]
[2025-06-15 21:23:52,602: INFO: common: created directory at: artifacts]
[2025-06-15 21:23:52,602: INFO: common: created directory at: artifacts/data_transformation]
[2025-06-15 21:23:52,626: INFO: data_transformation: Split the data into train and test sets]
[2025-06-15 21:23:52,626: INFO: data_transformation: (1279, 12)]
[2025-06-15 21:23:52,626: INFO: data_transformation: (320, 12)]
[2025-06-15 21:23:52,626: INFO: main: >>>>>> stage Data Transformation Stage completed <<<<<<< 

 X==========================X]
[2025-06-15 21:23:52,626: INFO: main: >>>>>>> stage Model Trainer Stage started <<<<<<]
[2025-06-15 21:23:52,629: INFO: common: yaml file: config/config.yaml loaded sucessfully]
[2025-06-15 21:23:52,629: INFO: common: yaml file: params.yaml loaded sucessfully]
[2025-06-15 21:23:52,631: INFO: common: yaml file: schema.yaml loaded sucessfully]
[2025-06-15 21:23:52,631: INFO: common: created directory at: artifacts]
[2025-06-15 21:23:52,631: INFO: common: created directory at: artifacts/model_trainer]
[2025-06-15 21:23:52,643: INFO: main: >>>>>> stage Model Trainer Stage completed <<<<<< 

 X===============================X]
[2025-06-15 21:23:52,643: INFO: main: >>>>>>stage Model Evaluation Stage started <<<<<<<]
[2025-06-15 21:23:52,645: INFO: common: yaml file: config/config.yaml loaded sucessfully]
[2025-06-15 21:23:52,646: INFO: common: yaml file: params.yaml loaded sucessfully]
[2025-06-15 21:23:52,648: INFO: common: yaml file: schema.yaml loaded sucessfully]
[2025-06-15 21:23:52,648: INFO: common: created directory at: artifacts]
[2025-06-15 21:23:52,648: INFO: common: created directory at: artifacts/model_evaluation]
[2025-06-15 21:23:53,145: INFO: common: json file saved at: artifacts/model_evaluation/metrics.json]
[2025-06-15 21:23:56,986: INFO: main: >>>>>> stage Model Evaluation Stage completed <<<<<< 

 X===============================X]
[2025-06-15 21:25:26,645: INFO: main: >>>>>>> stage Data Ingestion Stage started <<<<<<<]
[2025-06-15 21:25:26,648: INFO: common: yaml file: config/config.yaml loaded sucessfully]
[2025-06-15 21:25:26,649: INFO: common: yaml file: params.yaml loaded sucessfully]
[2025-06-15 21:25:26,651: INFO: common: yaml file: schema.yaml loaded sucessfully]
[2025-06-15 21:25:26,651: INFO: common: created directory at: artifacts]
[2025-06-15 21:25:26,652: INFO: common: created directory at: artifacts/data_ingestion]
[2025-06-15 21:25:26,652: INFO: data_ingestion: File already exists]
[2025-06-15 21:25:26,655: INFO: main: >>>>>> stage Data Ingestion Stage completed <<<<<<< 

 X==========================X]
[2025-06-15 21:25:26,655: INFO: main: >>>>>>> stage Data Validation Stage started <<<<<<<]
[2025-06-15 21:25:26,658: INFO: common: yaml file: config/config.yaml loaded sucessfully]
[2025-06-15 21:25:26,659: INFO: common: yaml file: params.yaml loaded sucessfully]
[2025-06-15 21:25:26,660: INFO: common: yaml file: schema.yaml loaded sucessfully]
[2025-06-15 21:25:26,660: INFO: common: created directory at: artifacts]
[2025-06-15 21:25:26,660: INFO: common: created directory at: artifacts/data_validation]
[2025-06-15 21:25:26,669: INFO: main: >>>>>> stage Data Validation Stage completed <<<<<<< 

 X==========================X]
[2025-06-15 21:25:26,669: INFO: main: >>>>>>> stage Data Transformation Stage started <<<<<<<]
[2025-06-15 21:25:26,672: INFO: common: yaml file: config/config.yaml loaded sucessfully]
[2025-06-15 21:25:26,673: INFO: common: yaml file: params.yaml loaded sucessfully]
[2025-06-15 21:25:26,675: INFO: common: yaml file: schema.yaml loaded sucessfully]
[2025-06-15 21:25:26,675: INFO: common: created directory at: artifacts]
[2025-06-15 21:25:26,676: INFO: common: created directory at: artifacts/data_transformation]
[2025-06-15 21:25:26,701: INFO: data_transformation: Split the data into train and test sets]
[2025-06-15 21:25:26,701: INFO: data_transformation: (1279, 12)]
[2025-06-15 21:25:26,701: INFO: data_transformation: (320, 12)]
[2025-06-15 21:25:26,702: INFO: main: >>>>>> stage Data Transformation Stage completed <<<<<<< 

 X==========================X]
[2025-06-15 21:25:26,702: INFO: main: >>>>>>> stage Model Trainer Stage started <<<<<<]
[2025-06-15 21:25:26,704: INFO: common: yaml file: config/config.yaml loaded sucessfully]
[2025-06-15 21:25:26,704: INFO: common: yaml file: params.yaml loaded sucessfully]
[2025-06-15 21:25:26,706: INFO: common: yaml file: schema.yaml loaded sucessfully]
[2025-06-15 21:25:26,707: INFO: common: created directory at: artifacts]
[2025-06-15 21:25:26,707: INFO: common: created directory at: artifacts/model_trainer]
[2025-06-15 21:25:26,717: INFO: main: >>>>>> stage Model Trainer Stage completed <<<<<< 

 X===============================X]
[2025-06-15 21:25:26,717: INFO: main: >>>>>>stage Model Evaluation Stage started <<<<<<<]
[2025-06-15 21:25:26,720: INFO: common: yaml file: config/config.yaml loaded sucessfully]
[2025-06-15 21:25:26,721: INFO: common: yaml file: params.yaml loaded sucessfully]
[2025-06-15 21:25:26,722: INFO: common: yaml file: schema.yaml loaded sucessfully]
[2025-06-15 21:25:26,723: INFO: common: created directory at: artifacts]
[2025-06-15 21:25:26,723: INFO: common: created directory at: artifacts/model_evaluation]
[2025-06-15 21:25:27,759: INFO: common: json file saved at: artifacts/model_evaluation/metrics.json]
[2025-06-15 21:25:39,583: INFO: main: >>>>>> stage Model Evaluation Stage completed <<<<<< 

 X===============================X]
[2025-06-15 22:15:19,572: INFO: main: >>>>>>> stage Data Ingestion Stage started <<<<<<<]
[2025-06-15 22:15:19,575: INFO: common: yaml file: config/config.yaml loaded sucessfully]
[2025-06-15 22:15:19,577: INFO: common: yaml file: params.yaml loaded sucessfully]
[2025-06-15 22:15:19,579: INFO: common: yaml file: schema.yaml loaded sucessfully]
[2025-06-15 22:15:19,579: INFO: common: created directory at: artifacts]
[2025-06-15 22:15:19,580: INFO: common: created directory at: artifacts/data_ingestion]
[2025-06-15 22:15:19,580: INFO: data_ingestion: File already exists]
[2025-06-15 22:15:19,586: INFO: main: >>>>>> stage Data Ingestion Stage completed <<<<<<< 

 X==========================X]
[2025-06-15 22:15:19,587: INFO: main: >>>>>>> stage Data Validation Stage started <<<<<<<]
[2025-06-15 22:15:19,589: INFO: common: yaml file: config/config.yaml loaded sucessfully]
[2025-06-15 22:15:19,590: INFO: common: yaml file: params.yaml loaded sucessfully]
[2025-06-15 22:15:19,591: INFO: common: yaml file: schema.yaml loaded sucessfully]
[2025-06-15 22:15:19,592: INFO: common: created directory at: artifacts]
[2025-06-15 22:15:19,592: INFO: common: created directory at: artifacts/data_validation]
[2025-06-15 22:15:19,602: INFO: main: >>>>>> stage Data Validation Stage completed <<<<<<< 

 X==========================X]
[2025-06-15 22:15:19,603: INFO: main: >>>>>>> stage Data Transformation Stage started <<<<<<<]
[2025-06-15 22:15:19,605: INFO: common: yaml file: config/config.yaml loaded sucessfully]
[2025-06-15 22:15:19,607: INFO: common: yaml file: params.yaml loaded sucessfully]
[2025-06-15 22:15:19,609: INFO: common: yaml file: schema.yaml loaded sucessfully]
[2025-06-15 22:15:19,609: INFO: common: created directory at: artifacts]
[2025-06-15 22:15:19,609: INFO: common: created directory at: artifacts/data_transformation]
[2025-06-15 22:15:19,648: INFO: data_transformation: Split the data into train and test sets]
[2025-06-15 22:15:19,648: INFO: data_transformation: (1279, 12)]
[2025-06-15 22:15:19,648: INFO: data_transformation: (320, 12)]
[2025-06-15 22:15:19,649: INFO: main: >>>>>> stage Data Transformation Stage completed <<<<<<< 

 X==========================X]
[2025-06-15 22:15:19,649: INFO: main: >>>>>>> stage Model Trainer Stage started <<<<<<]
[2025-06-15 22:15:19,652: INFO: common: yaml file: config/config.yaml loaded sucessfully]
[2025-06-15 22:15:19,653: INFO: common: yaml file: params.yaml loaded sucessfully]
[2025-06-15 22:15:19,655: INFO: common: yaml file: schema.yaml loaded sucessfully]
[2025-06-15 22:15:19,656: INFO: common: created directory at: artifacts]
[2025-06-15 22:15:19,656: INFO: common: created directory at: artifacts/model_trainer]
[2025-06-15 22:15:19,674: INFO: main: >>>>>> stage Model Trainer Stage completed <<<<<< 

 X===============================X]
[2025-06-15 22:15:19,674: INFO: main: >>>>>>stage Model Evaluation Stage started <<<<<<<]
[2025-06-15 22:15:19,676: INFO: common: yaml file: config/config.yaml loaded sucessfully]
[2025-06-15 22:15:19,677: INFO: common: yaml file: params.yaml loaded sucessfully]
[2025-06-15 22:15:19,679: INFO: common: yaml file: schema.yaml loaded sucessfully]
[2025-06-15 22:15:19,679: INFO: common: created directory at: artifacts]
[2025-06-15 22:15:19,679: INFO: common: created directory at: artifacts/model_evaluation]
[2025-06-15 22:15:20,368: INFO: common: json file saved at: artifacts/model_evaluation/metrics.json]
[2025-06-15 22:15:22,505: INFO: main: >>>>>> stage Model Evaluation Stage completed <<<<<< 

 X===============================X]
[2025-06-15 22:19:09,974: INFO: main: >>>>>>> stage Data Ingestion Stage started <<<<<<<]
[2025-06-15 22:19:09,976: INFO: common: yaml file: config/config.yaml loaded sucessfully]
[2025-06-15 22:19:09,978: INFO: common: yaml file: params.yaml loaded sucessfully]
[2025-06-15 22:19:09,980: INFO: common: yaml file: schema.yaml loaded sucessfully]
[2025-06-15 22:19:09,980: INFO: common: created directory at: artifacts]
[2025-06-15 22:19:09,981: INFO: common: created directory at: artifacts/data_ingestion]
[2025-06-15 22:19:09,981: INFO: data_ingestion: File already exists]
[2025-06-15 22:19:09,985: INFO: main: >>>>>> stage Data Ingestion Stage completed <<<<<<< 

 X==========================X]
[2025-06-15 22:19:09,986: INFO: main: >>>>>>> stage Data Validation Stage started <<<<<<<]
[2025-06-15 22:19:09,988: INFO: common: yaml file: config/config.yaml loaded sucessfully]
[2025-06-15 22:19:09,988: INFO: common: yaml file: params.yaml loaded sucessfully]
[2025-06-15 22:19:09,990: INFO: common: yaml file: schema.yaml loaded sucessfully]
[2025-06-15 22:19:09,990: INFO: common: created directory at: artifacts]
[2025-06-15 22:19:09,991: INFO: common: created directory at: artifacts/data_validation]
[2025-06-15 22:19:10,001: INFO: main: >>>>>> stage Data Validation Stage completed <<<<<<< 

 X==========================X]
[2025-06-15 22:19:10,001: INFO: main: >>>>>>> stage Data Transformation Stage started <<<<<<<]
[2025-06-15 22:19:10,004: INFO: common: yaml file: config/config.yaml loaded sucessfully]
[2025-06-15 22:19:10,005: INFO: common: yaml file: params.yaml loaded sucessfully]
[2025-06-15 22:19:10,006: INFO: common: yaml file: schema.yaml loaded sucessfully]
[2025-06-15 22:19:10,007: INFO: common: created directory at: artifacts]
[2025-06-15 22:19:10,007: INFO: common: created directory at: artifacts/data_transformation]
[2025-06-15 22:19:10,035: INFO: data_transformation: Split the data into train and test sets]
[2025-06-15 22:19:10,035: INFO: data_transformation: (1279, 12)]
[2025-06-15 22:19:10,035: INFO: data_transformation: (320, 12)]
[2025-06-15 22:19:10,035: INFO: main: >>>>>> stage Data Transformation Stage completed <<<<<<< 

 X==========================X]
[2025-06-15 22:19:10,035: INFO: main: >>>>>>> stage Model Trainer Stage started <<<<<<]
[2025-06-15 22:19:10,038: INFO: common: yaml file: config/config.yaml loaded sucessfully]
[2025-06-15 22:19:10,039: INFO: common: yaml file: params.yaml loaded sucessfully]
[2025-06-15 22:19:10,041: INFO: common: yaml file: schema.yaml loaded sucessfully]
[2025-06-15 22:19:10,042: INFO: common: created directory at: artifacts]
[2025-06-15 22:19:10,042: INFO: common: created directory at: artifacts/model_trainer]
[2025-06-15 22:19:10,054: ERROR: main: [Errno 13] Permission denied: 'artifacts/model_trainer/model.joblib']
Traceback (most recent call last):
  File "/home/dragon/Complete-DS-end-to-end-project/main.py", line 47, in <module>
    obj.initiate_model_training()
  File "/home/dragon/Complete-DS-end-to-end-project/src/datascience_project/pipeline/model_trainer_pipeline.py", line 18, in initiate_model_training
    raise e
  File "/home/dragon/Complete-DS-end-to-end-project/src/datascience_project/pipeline/model_trainer_pipeline.py", line 16, in initiate_model_training
    model_trainer.train()
  File "/home/dragon/Complete-DS-end-to-end-project/src/datascience_project/components/model_trainer.py", line 26, in train
    joblib.dump(lr, os.path.join(self.config.root_dir,self.config.model_name))
  File "/home/dragon/.virtualenvs/mlops/lib/python3.10/site-packages/joblib/numpy_pickle.py", line 599, in dump
    with open(filename, "wb") as f:
PermissionError: [Errno 13] Permission denied: 'artifacts/model_trainer/model.joblib'
[2025-06-15 22:20:07,682: INFO: main: >>>>>>> stage Data Ingestion Stage started <<<<<<<]
[2025-06-15 22:20:07,684: INFO: common: yaml file: config/config.yaml loaded sucessfully]
[2025-06-15 22:20:07,685: INFO: common: yaml file: params.yaml loaded sucessfully]
[2025-06-15 22:20:07,686: INFO: common: yaml file: schema.yaml loaded sucessfully]
[2025-06-15 22:20:07,687: INFO: common: created directory at: artifacts]
[2025-06-15 22:20:07,687: INFO: common: created directory at: artifacts/data_ingestion]
[2025-06-15 22:20:07,687: INFO: data_ingestion: File already exists]
[2025-06-15 22:20:07,691: INFO: main: >>>>>> stage Data Ingestion Stage completed <<<<<<< 

 X==========================X]
[2025-06-15 22:20:07,691: INFO: main: >>>>>>> stage Data Validation Stage started <<<<<<<]
[2025-06-15 22:20:07,694: INFO: common: yaml file: config/config.yaml loaded sucessfully]
[2025-06-15 22:20:07,695: INFO: common: yaml file: params.yaml loaded sucessfully]
[2025-06-15 22:20:07,696: INFO: common: yaml file: schema.yaml loaded sucessfully]
[2025-06-15 22:20:07,697: INFO: common: created directory at: artifacts]
[2025-06-15 22:20:07,697: INFO: common: created directory at: artifacts/data_validation]
[2025-06-15 22:20:07,706: INFO: main: >>>>>> stage Data Validation Stage completed <<<<<<< 

 X==========================X]
[2025-06-15 22:20:07,706: INFO: main: >>>>>>> stage Data Transformation Stage started <<<<<<<]
[2025-06-15 22:20:07,709: INFO: common: yaml file: config/config.yaml loaded sucessfully]
[2025-06-15 22:20:07,710: INFO: common: yaml file: params.yaml loaded sucessfully]
[2025-06-15 22:20:07,711: INFO: common: yaml file: schema.yaml loaded sucessfully]
[2025-06-15 22:20:07,713: INFO: common: created directory at: artifacts]
[2025-06-15 22:20:07,713: INFO: common: created directory at: artifacts/data_transformation]
[2025-06-15 22:20:07,736: INFO: data_transformation: Split the data into train and test sets]
[2025-06-15 22:20:07,736: INFO: data_transformation: (1279, 12)]
[2025-06-15 22:20:07,736: INFO: data_transformation: (320, 12)]
[2025-06-15 22:20:07,736: INFO: main: >>>>>> stage Data Transformation Stage completed <<<<<<< 

 X==========================X]
[2025-06-15 22:20:07,736: INFO: main: >>>>>>> stage Model Trainer Stage started <<<<<<]
[2025-06-15 22:20:07,739: INFO: common: yaml file: config/config.yaml loaded sucessfully]
[2025-06-15 22:20:07,739: INFO: common: yaml file: params.yaml loaded sucessfully]
[2025-06-15 22:20:07,741: INFO: common: yaml file: schema.yaml loaded sucessfully]
[2025-06-15 22:20:07,741: INFO: common: created directory at: artifacts]
[2025-06-15 22:20:07,741: INFO: common: created directory at: artifacts/model_trainer]
[2025-06-15 22:20:07,750: INFO: main: >>>>>> stage Model Trainer Stage completed <<<<<< 

 X===============================X]
[2025-06-15 22:20:07,750: INFO: main: >>>>>>stage Model Evaluation Stage started <<<<<<<]
[2025-06-15 22:20:07,753: INFO: common: yaml file: config/config.yaml loaded sucessfully]
[2025-06-15 22:20:07,754: INFO: common: yaml file: params.yaml loaded sucessfully]
[2025-06-15 22:20:07,755: INFO: common: yaml file: schema.yaml loaded sucessfully]
[2025-06-15 22:20:07,756: INFO: common: created directory at: artifacts]
[2025-06-15 22:20:07,756: INFO: common: created directory at: artifacts/model_evaluation]
[2025-06-15 22:20:09,152: INFO: common: json file saved at: artifacts/model_evaluation/metrics.json]
[2025-06-15 22:20:20,713: INFO: main: >>>>>> stage Model Evaluation Stage completed <<<<<< 

 X===============================X]
[2025-06-15 23:09:51,666: INFO: _internal: [31m[1mWARNING: This is a development server. Do not use it in a production deployment. Use a production WSGI server instead.[0m
 * Running on all addresses (0.0.0.0)
 * Running on http://127.0.0.1:8086
 * Running on http://192.168.250.120:8086]
[2025-06-15 23:09:51,667: INFO: _internal: [33mPress CTRL+C to quit[0m]
[2025-06-15 23:10:04,010: INFO: _internal: 127.0.0.1 - - [15/Jun/2025 23:10:04] "GET / HTTP/1.1" 200 -]
[2025-06-15 23:10:04,256: INFO: _internal: 127.0.0.1 - - [15/Jun/2025 23:10:04] "[33mGET /static/assets/img/form-v9.jpg HTTP/1.1[0m" 404 -]
[2025-06-15 23:10:04,380: INFO: _internal: 127.0.0.1 - - [15/Jun/2025 23:10:04] "[33mGET /favicon.ico HTTP/1.1[0m" 404 -]
[2025-06-15 23:10:12,148: INFO: main: >>>>>>> stage Data Ingestion Stage started <<<<<<<]
[2025-06-15 23:10:12,151: INFO: common: yaml file: config/config.yaml loaded sucessfully]
[2025-06-15 23:10:12,152: INFO: common: yaml file: params.yaml loaded sucessfully]
[2025-06-15 23:10:12,154: INFO: common: yaml file: schema.yaml loaded sucessfully]
[2025-06-15 23:10:12,155: INFO: common: created directory at: artifacts]
[2025-06-15 23:10:12,155: INFO: common: created directory at: artifacts/data_ingestion]
[2025-06-15 23:10:12,155: INFO: data_ingestion: File already exists]
[2025-06-15 23:10:12,161: INFO: main: >>>>>> stage Data Ingestion Stage completed <<<<<<< 

 X==========================X]
[2025-06-15 23:10:12,161: INFO: main: >>>>>>> stage Data Validation Stage started <<<<<<<]
[2025-06-15 23:10:12,164: INFO: common: yaml file: config/config.yaml loaded sucessfully]
[2025-06-15 23:10:12,165: INFO: common: yaml file: params.yaml loaded sucessfully]
[2025-06-15 23:10:12,166: INFO: common: yaml file: schema.yaml loaded sucessfully]
[2025-06-15 23:10:12,167: INFO: common: created directory at: artifacts]
[2025-06-15 23:10:12,167: INFO: common: created directory at: artifacts/data_validation]
[2025-06-15 23:10:12,179: INFO: main: >>>>>> stage Data Validation Stage completed <<<<<<< 

 X==========================X]
[2025-06-15 23:10:12,180: INFO: main: >>>>>>> stage Data Transformation Stage started <<<<<<<]
[2025-06-15 23:10:12,182: INFO: common: yaml file: config/config.yaml loaded sucessfully]
[2025-06-15 23:10:12,183: INFO: common: yaml file: params.yaml loaded sucessfully]
[2025-06-15 23:10:12,185: INFO: common: yaml file: schema.yaml loaded sucessfully]
[2025-06-15 23:10:12,185: INFO: common: created directory at: artifacts]
[2025-06-15 23:10:12,185: INFO: common: created directory at: artifacts/data_transformation]
[2025-06-15 23:10:12,211: INFO: data_transformation: Split the data into train and test sets]
[2025-06-15 23:10:12,211: INFO: data_transformation: (1279, 12)]
[2025-06-15 23:10:12,211: INFO: data_transformation: (320, 12)]
[2025-06-15 23:10:12,211: INFO: main: >>>>>> stage Data Transformation Stage completed <<<<<<< 

 X==========================X]
[2025-06-15 23:10:12,211: INFO: main: >>>>>>> stage Model Trainer Stage started <<<<<<]
[2025-06-15 23:10:12,214: INFO: common: yaml file: config/config.yaml loaded sucessfully]
[2025-06-15 23:10:12,215: INFO: common: yaml file: params.yaml loaded sucessfully]
[2025-06-15 23:10:12,216: INFO: common: yaml file: schema.yaml loaded sucessfully]
[2025-06-15 23:10:12,216: INFO: common: created directory at: artifacts]
[2025-06-15 23:10:12,216: INFO: common: created directory at: artifacts/model_trainer]
[2025-06-15 23:10:12,234: INFO: main: >>>>>> stage Model Trainer Stage completed <<<<<< 

 X===============================X]
[2025-06-15 23:10:12,234: INFO: main: >>>>>>stage Model Evaluation Stage started <<<<<<<]
[2025-06-15 23:10:12,236: INFO: common: yaml file: config/config.yaml loaded sucessfully]
[2025-06-15 23:10:12,237: INFO: common: yaml file: params.yaml loaded sucessfully]
[2025-06-15 23:10:12,238: INFO: common: yaml file: schema.yaml loaded sucessfully]
[2025-06-15 23:10:12,239: INFO: common: created directory at: artifacts]
[2025-06-15 23:10:12,239: INFO: common: created directory at: artifacts/model_evaluation]
[2025-06-15 23:10:13,734: INFO: common: json file saved at: artifacts/model_evaluation/metrics.json]
[2025-06-15 23:10:24,426: INFO: main: >>>>>> stage Model Evaluation Stage completed <<<<<< 

 X===============================X]
[2025-06-15 23:10:25,269: INFO: _internal: 127.0.0.1 - - [15/Jun/2025 23:10:25] "GET /train HTTP/1.1" 200 -]
[2025-06-15 23:10:41,461: INFO: _internal: 127.0.0.1 - - [15/Jun/2025 23:10:41] "GET / HTTP/1.1" 200 -]
[2025-06-15 23:10:41,726: INFO: _internal: 127.0.0.1 - - [15/Jun/2025 23:10:41] "[33mGET /static/assets/img/form-v9.jpg HTTP/1.1[0m" 404 -]
[2025-06-15 23:10:53,882: INFO: _internal: 127.0.0.1 - - [15/Jun/2025 23:10:53] "[31m[1mPOST /predict HTTP/1.1[0m" 400 -]
[2025-06-15 23:13:09,069: INFO: _internal: [31m[1mWARNING: This is a development server. Do not use it in a production deployment. Use a production WSGI server instead.[0m
 * Running on all addresses (0.0.0.0)
 * Running on http://127.0.0.1:8086
 * Running on http://192.168.250.120:8086]
[2025-06-15 23:13:09,069: INFO: _internal: [33mPress CTRL+C to quit[0m]
[2025-06-15 23:13:11,918: INFO: _internal: 127.0.0.1 - - [15/Jun/2025 23:13:11] "GET / HTTP/1.1" 200 -]
[2025-06-15 23:13:12,181: INFO: _internal: 127.0.0.1 - - [15/Jun/2025 23:13:12] "[33mGET /static/assets/img/form-v9.jpg HTTP/1.1[0m" 404 -]
[2025-06-15 23:13:22,979: INFO: _internal: 127.0.0.1 - - [15/Jun/2025 23:13:22] "POST /predict HTTP/1.1" 200 -]
